2024/08/22 06:44:44 [notice] 1#1: using the "epoll" event method
2024/08/22 06:44:44 [notice] 1#1: nginx/1.20.2
2024/08/22 06:44:44 [notice] 1#1: built by gcc 10.2.1 20210110 (Debian 10.2.1-6) 
2024/08/22 06:44:44 [notice] 1#1: OS: Linux 6.10.0-linuxkit
2024/08/22 06:44:44 [notice] 1#1: getrlimit(RLIMIT_NOFILE): 1048576:1048576
2024/08/22 06:44:44 [notice] 1#1: start worker processes
2024/08/22 06:44:44 [notice] 1#1: start worker process 30
2024/08/22 06:44:44 [notice] 1#1: start worker process 31
2024/08/22 06:44:44 [notice] 1#1: start worker process 32
2024/08/22 06:44:44 [notice] 1#1: start worker process 33
2024/08/22 06:44:44 [notice] 1#1: start worker process 34
2024/08/22 06:44:44 [notice] 1#1: start worker process 35
2024/08/22 06:44:44 [notice] 1#1: start worker process 36
2024/08/22 06:44:44 [notice] 1#1: start worker process 37
2024/08/22 06:44:44 [notice] 1#1: start worker process 38
2024/08/22 06:44:44 [notice] 1#1: start worker process 39
2024/08/22 06:44:44 [notice] 1#1: start worker process 40
2024/08/22 06:44:44 [notice] 1#1: start worker process 41
2024/08/22 06:45:25 [error] 30#30: *1 open() "/var/www/html/favicon.ico" failed (2: No such file or directory), client: 192.168.65.1, server: , request: "GET /favicon.ico HTTP/1.1", host: "localhost", referrer: "http://localhost/"
2024/08/22 06:47:33 [notice] 1#1: signal 3 (SIGQUIT) received, shutting down
2024/08/22 06:47:33 [notice] 31#31: gracefully shutting down
2024/08/22 06:47:33 [notice] 38#38: gracefully shutting down
2024/08/22 06:47:33 [notice] 32#32: gracefully shutting down
2024/08/22 06:47:33 [notice] 33#33: gracefully shutting down
2024/08/22 06:47:33 [notice] 33#33: exiting
2024/08/22 06:47:33 [notice] 30#30: gracefully shutting down
2024/08/22 06:47:33 [notice] 34#34: gracefully shutting down
2024/08/22 06:47:33 [notice] 34#34: exiting
2024/08/22 06:47:33 [notice] 35#35: gracefully shutting down
2024/08/22 06:47:33 [notice] 35#35: exiting
2024/08/22 06:47:33 [notice] 36#36: gracefully shutting down
2024/08/22 06:47:33 [notice] 36#36: exiting
2024/08/22 06:47:33 [notice] 37#37: gracefully shutting down
2024/08/22 06:47:33 [notice] 37#37: exiting
2024/08/22 06:47:33 [notice] 31#31: exiting
2024/08/22 06:47:33 [notice] 39#39: gracefully shutting down
2024/08/22 06:47:33 [notice] 39#39: exiting
2024/08/22 06:47:33 [notice] 40#40: gracefully shutting down
2024/08/22 06:47:33 [notice] 40#40: exiting
2024/08/22 06:47:33 [notice] 38#38: exiting
2024/08/22 06:47:33 [notice] 41#41: gracefully shutting down
2024/08/22 06:47:33 [notice] 33#33: exit
2024/08/22 06:47:33 [notice] 30#30: exiting
2024/08/22 06:47:33 [notice] 34#34: exit
2024/08/22 06:47:33 [notice] 35#35: exit
2024/08/22 06:47:33 [notice] 36#36: exit
2024/08/22 06:47:33 [notice] 37#37: exit
2024/08/22 06:47:33 [notice] 31#31: exit
2024/08/22 06:47:33 [notice] 39#39: exit
2024/08/22 06:47:33 [notice] 40#40: exit
2024/08/22 06:47:33 [notice] 38#38: exit
2024/08/22 06:47:33 [notice] 41#41: exiting
2024/08/22 06:47:33 [notice] 30#30: exit
2024/08/22 06:47:33 [notice] 41#41: exit
2024/08/22 06:47:33 [notice] 1#1: signal 17 (SIGCHLD) received from 31
2024/08/22 06:47:33 [notice] 1#1: worker process 31 exited with code 0
2024/08/22 06:47:33 [notice] 1#1: signal 29 (SIGIO) received
2024/08/22 06:47:33 [notice] 1#1: signal 17 (SIGCHLD) received from 37
2024/08/22 06:47:33 [notice] 1#1: worker process 37 exited with code 0
2024/08/22 06:47:33 [notice] 1#1: signal 29 (SIGIO) received
2024/08/22 06:47:33 [notice] 1#1: signal 17 (SIGCHLD) received from 30
2024/08/22 06:47:33 [notice] 1#1: worker process 30 exited with code 0
2024/08/22 06:47:33 [notice] 1#1: worker process 33 exited with code 0
2024/08/22 06:47:33 [notice] 1#1: worker process 34 exited with code 0
2024/08/22 06:47:33 [notice] 1#1: worker process 35 exited with code 0
2024/08/22 06:47:33 [notice] 1#1: worker process 36 exited with code 0
2024/08/22 06:47:33 [notice] 1#1: worker process 38 exited with code 0
2024/08/22 06:47:33 [notice] 1#1: worker process 39 exited with code 0
2024/08/22 06:47:33 [notice] 1#1: worker process 40 exited with code 0
2024/08/22 06:47:33 [notice] 1#1: worker process 41 exited with code 0
2024/08/22 06:47:33 [notice] 1#1: signal 29 (SIGIO) received
2024/08/22 06:47:33 [notice] 1#1: signal 17 (SIGCHLD) received from 35
2024/08/22 06:54:58 [notice] 1#1: using the "epoll" event method
2024/08/22 06:54:58 [notice] 1#1: nginx/1.20.2
2024/08/22 06:54:58 [notice] 1#1: built by gcc 10.2.1 20210110 (Debian 10.2.1-6) 
2024/08/22 06:54:58 [notice] 1#1: OS: Linux 6.10.0-linuxkit
2024/08/22 06:54:58 [notice] 1#1: getrlimit(RLIMIT_NOFILE): 1048576:1048576
2024/08/22 06:54:58 [notice] 1#1: start worker processes
2024/08/22 06:54:58 [notice] 1#1: start worker process 30
2024/08/22 06:54:58 [notice] 1#1: start worker process 31
2024/08/22 06:54:58 [notice] 1#1: start worker process 32
2024/08/22 06:54:58 [notice] 1#1: start worker process 33
2024/08/22 06:54:58 [notice] 1#1: start worker process 34
2024/08/22 06:54:58 [notice] 1#1: start worker process 35
2024/08/22 06:54:58 [notice] 1#1: start worker process 36
2024/08/22 06:54:58 [notice] 1#1: start worker process 37
2024/08/22 06:54:58 [notice] 1#1: start worker process 38
2024/08/22 06:54:58 [notice] 1#1: start worker process 39
2024/08/22 06:54:58 [notice] 1#1: start worker process 40
2024/08/22 06:54:58 [notice] 1#1: start worker process 41
2024/08/22 07:04:00 [notice] 1#1: signal 3 (SIGQUIT) received, shutting down
2024/08/22 07:04:00 [notice] 30#30: gracefully shutting down
2024/08/22 07:04:00 [notice] 30#30: exiting
2024/08/22 07:04:00 [notice] 31#31: gracefully shutting down
2024/08/22 07:04:00 [notice] 31#31: exiting
2024/08/22 07:04:00 [notice] 32#32: gracefully shutting down
2024/08/22 07:04:00 [notice] 34#34: gracefully shutting down
2024/08/22 07:04:00 [notice] 34#34: exiting
2024/08/22 07:04:00 [notice] 34#34: exit
2024/08/22 07:04:00 [notice] 33#33: gracefully shutting down
2024/08/22 07:04:00 [notice] 33#33: exiting
2024/08/22 07:04:00 [notice] 37#37: gracefully shutting down
2024/08/22 07:04:00 [notice] 35#35: gracefully shutting down
2024/08/22 07:04:00 [notice] 36#36: gracefully shutting down
2024/08/22 07:04:00 [notice] 36#36: exiting
2024/08/22 07:04:00 [notice] 38#38: gracefully shutting down
2024/08/22 07:04:00 [notice] 38#38: exiting
2024/08/22 07:04:00 [notice] 40#40: gracefully shutting down
2024/08/22 07:04:00 [notice] 40#40: exiting
2024/08/22 07:04:00 [notice] 39#39: gracefully shutting down
2024/08/22 07:04:00 [notice] 39#39: exiting
2024/08/22 07:04:00 [notice] 30#30: exit
2024/08/22 07:04:00 [notice] 41#41: gracefully shutting down
2024/08/22 07:04:00 [notice] 31#31: exit
2024/08/22 07:04:00 [notice] 32#32: exiting
2024/08/22 07:04:00 [notice] 33#33: exit
2024/08/22 07:04:00 [notice] 37#37: exiting
2024/08/22 07:04:00 [notice] 35#35: exiting
2024/08/22 07:04:00 [notice] 36#36: exit
2024/08/22 07:04:00 [notice] 38#38: exit
2024/08/22 07:04:00 [notice] 40#40: exit
2024/08/22 07:04:00 [notice] 39#39: exit
2024/08/22 07:04:00 [notice] 41#41: exiting
2024/08/22 07:04:00 [notice] 32#32: exit
2024/08/22 07:04:00 [notice] 37#37: exit
2024/08/22 07:04:00 [notice] 35#35: exit
2024/08/22 07:04:00 [notice] 41#41: exit
2024/08/22 07:04:00 [notice] 1#1: signal 17 (SIGCHLD) received from 34
2024/08/22 07:04:00 [notice] 1#1: worker process 30 exited with code 0
2024/08/22 07:04:00 [notice] 1#1: worker process 34 exited with code 0
2024/08/22 07:04:00 [notice] 1#1: signal 29 (SIGIO) received
2024/08/22 07:04:00 [notice] 1#1: signal 17 (SIGCHLD) received from 35
2024/08/22 07:04:00 [notice] 1#1: worker process 31 exited with code 0
2024/08/22 07:04:00 [notice] 1#1: worker process 32 exited with code 0
2024/08/22 07:04:00 [notice] 1#1: worker process 33 exited with code 0
2024/08/22 07:04:00 [notice] 1#1: worker process 35 exited with code 0
2024/08/22 07:04:00 [notice] 1#1: worker process 36 exited with code 0
2024/08/22 07:04:00 [notice] 1#1: worker process 37 exited with code 0
2024/08/22 07:04:00 [notice] 1#1: worker process 38 exited with code 0
2024/08/22 07:04:00 [notice] 1#1: worker process 39 exited with code 0
2024/08/22 07:04:00 [notice] 1#1: worker process 40 exited with code 0
2024/08/22 07:04:00 [notice] 1#1: worker process 41 exited with code 0
2024/08/22 07:04:00 [notice] 1#1: exit
2024/08/22 07:06:27 [notice] 1#1: using the "epoll" event method
2024/08/22 07:06:27 [notice] 1#1: nginx/1.20.2
2024/08/22 07:06:27 [notice] 1#1: built by gcc 10.2.1 20210110 (Debian 10.2.1-6) 
2024/08/22 07:06:27 [notice] 1#1: OS: Linux 6.10.0-linuxkit
2024/08/22 07:06:27 [notice] 1#1: getrlimit(RLIMIT_NOFILE): 1048576:1048576
2024/08/22 07:06:27 [notice] 1#1: start worker processes
2024/08/22 07:06:27 [notice] 1#1: start worker process 30
2024/08/22 07:06:27 [notice] 1#1: start worker process 31
2024/08/22 07:06:27 [notice] 1#1: start worker process 32
2024/08/22 07:06:27 [notice] 1#1: start worker process 33
2024/08/22 07:06:27 [notice] 1#1: start worker process 34
2024/08/22 07:06:27 [notice] 1#1: start worker process 35
2024/08/22 07:06:27 [notice] 1#1: start worker process 36
2024/08/22 07:06:27 [notice] 1#1: start worker process 37
2024/08/22 07:06:27 [notice] 1#1: start worker process 38
2024/08/22 07:06:27 [notice] 1#1: start worker process 39
2024/08/22 07:06:27 [notice] 1#1: start worker process 40
2024/08/22 07:06:27 [notice] 1#1: start worker process 41
2024/08/22 07:11:28 [notice] 1#1: signal 3 (SIGQUIT) received, shutting down
2024/08/22 07:11:28 [notice] 31#31: gracefully shutting down
2024/08/22 07:11:28 [notice] 35#35: gracefully shutting down
2024/08/22 07:11:28 [notice] 30#30: gracefully shutting down
2024/08/22 07:11:28 [notice] 30#30: exiting
2024/08/22 07:11:28 [notice] 32#32: gracefully shutting down
2024/08/22 07:11:28 [notice] 32#32: exiting
2024/08/22 07:11:28 [notice] 33#33: gracefully shutting down
2024/08/22 07:11:28 [notice] 33#33: exiting
2024/08/22 07:11:28 [notice] 34#34: gracefully shutting down
2024/08/22 07:11:28 [notice] 34#34: exiting
2024/08/22 07:11:28 [notice] 36#36: gracefully shutting down
2024/08/22 07:11:28 [notice] 36#36: exiting
2024/08/22 07:11:28 [notice] 37#37: gracefully shutting down
2024/08/22 07:11:28 [notice] 37#37: exiting
2024/08/22 07:11:28 [notice] 38#38: gracefully shutting down
2024/08/22 07:11:28 [notice] 38#38: exiting
2024/08/22 07:11:28 [notice] 39#39: gracefully shutting down
2024/08/22 07:11:28 [notice] 31#31: exiting
2024/08/22 07:11:28 [notice] 40#40: gracefully shutting down
2024/08/22 07:11:28 [notice] 40#40: exiting
2024/08/22 07:11:28 [notice] 35#35: exiting
2024/08/22 07:11:28 [notice] 41#41: gracefully shutting down
2024/08/22 07:11:28 [notice] 30#30: exit
2024/08/22 07:11:28 [notice] 32#32: exit
2024/08/22 07:11:28 [notice] 33#33: exit
2024/08/22 07:11:28 [notice] 34#34: exit
2024/08/22 07:11:28 [notice] 36#36: exit
2024/08/22 07:11:28 [notice] 37#37: exit
2024/08/22 07:11:28 [notice] 38#38: exit
2024/08/22 07:11:28 [notice] 39#39: exiting
2024/08/22 07:11:28 [notice] 39#39: exit
2024/08/22 07:11:28 [notice] 31#31: exit
2024/08/22 07:11:28 [notice] 40#40: exit
2024/08/22 07:11:28 [notice] 35#35: exit
2024/08/22 07:11:28 [notice] 41#41: exiting
2024/08/22 07:11:28 [notice] 41#41: exit
2024/08/22 07:11:28 [notice] 1#1: signal 17 (SIGCHLD) received from 38
2024/08/22 07:11:28 [notice] 1#1: worker process 38 exited with code 0
2024/08/22 07:11:28 [notice] 1#1: signal 29 (SIGIO) received
2024/08/22 07:11:28 [notice] 1#1: signal 17 (SIGCHLD) received from 33
2024/08/22 07:11:28 [notice] 1#1: worker process 32 exited with code 0
2024/08/22 07:11:28 [notice] 1#1: worker process 33 exited with code 0
2024/08/22 07:11:28 [notice] 1#1: worker process 34 exited with code 0
2024/08/22 07:11:28 [notice] 1#1: signal 29 (SIGIO) received
2024/08/22 07:11:28 [notice] 1#1: signal 17 (SIGCHLD) received from 36
2024/08/22 07:11:28 [notice] 1#1: worker process 30 exited with code 0
2024/08/22 07:11:28 [notice] 1#1: worker process 35 exited with code 0
2024/08/22 07:11:28 [notice] 1#1: worker process 36 exited with code 0
2024/08/22 07:11:28 [notice] 1#1: worker process 37 exited with code 0
2024/08/22 07:11:28 [notice] 1#1: worker process 39 exited with code 0
2024/08/22 07:11:28 [notice] 1#1: signal 29 (SIGIO) received
2024/08/22 07:11:28 [notice] 1#1: signal 17 (SIGCHLD) received from 35
2024/08/22 07:11:28 [notice] 1#1: signal 17 (SIGCHLD) received from 41
2024/08/22 07:11:28 [notice] 1#1: worker process 31 exited with code 0
2024/08/22 07:11:28 [notice] 1#1: worker process 41 exited with code 0
2024/08/22 07:11:28 [notice] 1#1: signal 29 (SIGIO) received
2024/08/22 07:11:28 [notice] 1#1: signal 17 (SIGCHLD) received from 40
2024/08/22 07:11:28 [notice] 1#1: worker process 40 exited with code 0
2024/08/22 07:11:28 [notice] 1#1: exit
2024/08/22 07:11:29 [notice] 1#1: using the "epoll" event method
2024/08/22 07:11:29 [notice] 1#1: nginx/1.20.2
2024/08/22 07:11:29 [notice] 1#1: built by gcc 10.2.1 20210110 (Debian 10.2.1-6) 
2024/08/22 07:11:29 [notice] 1#1: OS: Linux 6.10.0-linuxkit
2024/08/22 07:11:29 [notice] 1#1: getrlimit(RLIMIT_NOFILE): 1048576:1048576
2024/08/22 07:11:29 [notice] 1#1: start worker processes
2024/08/22 07:11:29 [notice] 1#1: start worker process 29
2024/08/22 07:11:29 [notice] 1#1: start worker process 30
2024/08/22 07:11:29 [notice] 1#1: start worker process 31
2024/08/22 07:11:29 [notice] 1#1: start worker process 32
2024/08/22 07:11:29 [notice] 1#1: start worker process 33
2024/08/22 07:11:29 [notice] 1#1: start worker process 34
2024/08/22 07:11:29 [notice] 1#1: start worker process 35
2024/08/22 07:11:29 [notice] 1#1: start worker process 36
2024/08/22 07:11:29 [notice] 1#1: start worker process 37
2024/08/22 07:11:29 [notice] 1#1: start worker process 38
2024/08/22 07:11:29 [notice] 1#1: start worker process 39
2024/08/22 07:11:29 [notice] 1#1: start worker process 40
2024/08/22 07:12:12 [notice] 1#1: signal 3 (SIGQUIT) received, shutting down
2024/08/22 07:12:12 [notice] 29#29: gracefully shutting down
2024/08/22 07:12:12 [notice] 36#36: gracefully shutting down
2024/08/22 07:12:12 [notice] 34#34: gracefully shutting down
2024/08/22 07:12:12 [notice] 34#34: exiting
2024/08/22 07:12:12 [notice] 30#30: gracefully shutting down
2024/08/22 07:12:12 [notice] 30#30: exiting
2024/08/22 07:12:12 [notice] 31#31: gracefully shutting down
2024/08/22 07:12:12 [notice] 31#31: exiting
2024/08/22 07:12:12 [notice] 33#33: gracefully shutting down
2024/08/22 07:12:12 [notice] 33#33: exiting
2024/08/22 07:12:12 [notice] 35#35: gracefully shutting down
2024/08/22 07:12:12 [notice] 35#35: exiting
2024/08/22 07:12:12 [notice] 39#39: gracefully shutting down
2024/08/22 07:12:12 [notice] 32#32: gracefully shutting down
2024/08/22 07:12:12 [notice] 32#32: exiting
2024/08/22 07:12:12 [notice] 40#40: gracefully shutting down
2024/08/22 07:12:12 [notice] 40#40: exiting
2024/08/22 07:12:12 [notice] 36#36: exiting
2024/08/22 07:12:12 [notice] 38#38: gracefully shutting down
2024/08/22 07:12:12 [notice] 38#38: exiting
2024/08/22 07:12:12 [notice] 37#37: gracefully shutting down
2024/08/22 07:12:12 [notice] 37#37: exiting
2024/08/22 07:12:12 [notice] 34#34: exit
2024/08/22 07:12:12 [notice] 30#30: exit
2024/08/22 07:12:12 [notice] 31#31: exit
2024/08/22 07:12:12 [notice] 33#33: exit
2024/08/22 07:12:12 [notice] 35#35: exit
2024/08/22 07:12:12 [notice] 39#39: exiting
2024/08/22 07:12:12 [notice] 39#39: exit
2024/08/22 07:12:12 [notice] 32#32: exit
2024/08/22 07:12:12 [notice] 40#40: exit
2024/08/22 07:12:12 [notice] 36#36: exit
2024/08/22 07:12:12 [notice] 38#38: exit
2024/08/22 07:12:12 [notice] 37#37: exit
2024/08/22 07:12:12 [notice] 1#1: signal 17 (SIGCHLD) received from 33
2024/08/22 07:12:12 [notice] 1#1: worker process 31 exited with code 0
2024/08/22 07:12:12 [notice] 1#1: worker process 32 exited with code 0
2024/08/22 07:12:12 [notice] 1#1: worker process 33 exited with code 0
2024/08/22 07:12:12 [notice] 1#1: worker process 34 exited with code 0
2024/08/22 07:12:12 [notice] 1#1: worker process 36 exited with code 0
2024/08/22 07:12:12 [notice] 1#1: worker process 37 exited with code 0
2024/08/22 07:12:12 [notice] 1#1: worker process 39 exited with code 0
2024/08/22 07:12:12 [notice] 1#1: signal 29 (SIGIO) received
2024/08/22 07:12:12 [notice] 1#1: signal 17 (SIGCHLD) received from 34
2024/08/22 07:12:12 [notice] 1#1: signal 17 (SIGCHLD) received from 35
2024/08/22 07:12:12 [notice] 1#1: worker process 30 exited with code 0
2024/08/22 07:12:12 [notice] 1#1: worker process 35 exited with code 0
2024/08/22 07:12:12 [notice] 1#1: worker process 38 exited with code 0
2024/08/22 07:12:12 [notice] 1#1: signal 29 (SIGIO) received
2024/08/22 07:12:12 [notice] 1#1: signal 17 (SIGCHLD) received from 40
2024/08/22 07:12:12 [notice] 1#1: worker process 40 exited with code 0
2024/08/22 07:12:12 [notice] 1#1: signal 29 (SIGIO) received
2024/08/22 07:13:53 [notice] 1#1: using the "epoll" event method
2024/08/22 07:13:53 [notice] 1#1: nginx/1.20.2
2024/08/22 07:13:53 [notice] 1#1: built by gcc 10.2.1 20210110 (Debian 10.2.1-6) 
2024/08/22 07:13:53 [notice] 1#1: OS: Linux 6.10.0-linuxkit
2024/08/22 07:13:53 [notice] 1#1: getrlimit(RLIMIT_NOFILE): 1048576:1048576
2024/08/22 07:13:53 [notice] 1#1: start worker processes
2024/08/22 07:13:53 [notice] 1#1: start worker process 30
2024/08/22 07:13:53 [notice] 1#1: start worker process 31
2024/08/22 07:13:53 [notice] 1#1: start worker process 32
2024/08/22 07:13:53 [notice] 1#1: start worker process 33
2024/08/22 07:13:53 [notice] 1#1: start worker process 34
2024/08/22 07:13:53 [notice] 1#1: start worker process 35
2024/08/22 07:13:53 [notice] 1#1: start worker process 36
2024/08/22 07:13:53 [notice] 1#1: start worker process 37
2024/08/22 07:13:53 [notice] 1#1: start worker process 38
2024/08/22 07:13:53 [notice] 1#1: start worker process 39
2024/08/22 07:13:53 [notice] 1#1: start worker process 40
2024/08/22 07:13:53 [notice] 1#1: start worker process 41
2024/08/22 07:26:04 [notice] 1#1: signal 3 (SIGQUIT) received, shutting down
2024/08/22 07:26:04 [notice] 30#30: gracefully shutting down
2024/08/22 07:26:04 [notice] 31#31: gracefully shutting down
2024/08/22 07:26:04 [notice] 35#35: gracefully shutting down
2024/08/22 07:26:04 [notice] 32#32: gracefully shutting down
2024/08/22 07:26:04 [notice] 34#34: gracefully shutting down
2024/08/22 07:26:04 [notice] 33#33: gracefully shutting down
2024/08/22 07:26:04 [notice] 36#36: gracefully shutting down
2024/08/22 07:26:04 [notice] 36#36: exiting
2024/08/22 07:26:04 [notice] 36#36: exit
2024/08/22 07:26:04 [notice] 37#37: gracefully shutting down
2024/08/22 07:26:04 [notice] 39#39: gracefully shutting down
2024/08/22 07:26:04 [notice] 38#38: gracefully shutting down
2024/08/22 07:26:04 [notice] 38#38: exiting
2024/08/22 07:26:04 [notice] 40#40: gracefully shutting down
2024/08/22 07:26:04 [notice] 40#40: exiting
2024/08/22 07:26:04 [notice] 41#41: gracefully shutting down
2024/08/22 07:26:04 [notice] 30#30: exiting
2024/08/22 07:26:04 [notice] 31#31: exiting
2024/08/22 07:26:04 [notice] 31#31: exit
2024/08/22 07:26:04 [notice] 35#35: exiting
2024/08/22 07:26:04 [notice] 35#35: exit
2024/08/22 07:26:04 [notice] 32#32: exiting
2024/08/22 07:26:04 [notice] 34#34: exiting
2024/08/22 07:26:04 [notice] 33#33: exiting
2024/08/22 07:26:04 [notice] 37#37: exiting
2024/08/22 07:26:04 [notice] 39#39: exiting
2024/08/22 07:26:04 [notice] 38#38: exit
2024/08/22 07:26:04 [notice] 40#40: exit
2024/08/22 07:26:04 [notice] 41#41: exiting
2024/08/22 07:26:04 [notice] 41#41: exit
2024/08/22 07:26:04 [notice] 30#30: exit
2024/08/22 07:26:04 [notice] 32#32: exit
2024/08/22 07:26:04 [notice] 34#34: exit
2024/08/22 07:26:04 [notice] 33#33: exit
2024/08/22 07:26:04 [notice] 37#37: exit
2024/08/22 07:26:04 [notice] 39#39: exit
2024/08/22 07:26:04 [notice] 1#1: signal 17 (SIGCHLD) received from 31
2024/08/22 07:26:04 [notice] 1#1: worker process 31 exited with code 0
2024/08/22 07:26:04 [notice] 1#1: worker process 36 exited with code 0
2024/08/22 07:26:04 [notice] 1#1: signal 29 (SIGIO) received
2024/08/22 07:26:04 [notice] 1#1: signal 17 (SIGCHLD) received from 40
2024/08/22 07:26:04 [notice] 1#1: worker process 35 exited with code 0
2024/08/22 07:26:04 [notice] 1#1: worker process 40 exited with code 0
2024/08/22 07:26:04 [notice] 1#1: worker process 30 exited with code 0
2024/08/22 07:26:04 [notice] 1#1: worker process 32 exited with code 0
2024/08/22 07:26:04 [notice] 1#1: worker process 33 exited with code 0
2024/08/22 07:26:04 [notice] 1#1: worker process 34 exited with code 0
2024/08/22 07:26:04 [notice] 1#1: worker process 37 exited with code 0
2024/08/22 07:26:04 [notice] 1#1: worker process 38 exited with code 0
2024/08/22 07:26:04 [notice] 1#1: worker process 39 exited with code 0
2024/08/22 07:26:04 [notice] 1#1: worker process 41 exited with code 0
2024/08/22 07:26:04 [notice] 1#1: exit
2024/08/22 07:26:16 [notice] 1#1: using the "epoll" event method
2024/08/22 07:26:16 [notice] 1#1: nginx/1.20.2
2024/08/22 07:26:16 [notice] 1#1: built by gcc 10.2.1 20210110 (Debian 10.2.1-6) 
2024/08/22 07:26:16 [notice] 1#1: OS: Linux 6.10.0-linuxkit
2024/08/22 07:26:16 [notice] 1#1: getrlimit(RLIMIT_NOFILE): 1048576:1048576
2024/08/22 07:26:16 [notice] 1#1: start worker processes
2024/08/22 07:26:16 [notice] 1#1: start worker process 30
2024/08/22 07:26:16 [notice] 1#1: start worker process 31
2024/08/22 07:26:16 [notice] 1#1: start worker process 32
2024/08/22 07:26:16 [notice] 1#1: start worker process 33
2024/08/22 07:26:16 [notice] 1#1: start worker process 34
2024/08/22 07:26:16 [notice] 1#1: start worker process 35
2024/08/22 07:26:16 [notice] 1#1: start worker process 36
2024/08/22 07:26:16 [notice] 1#1: start worker process 37
2024/08/22 07:26:16 [notice] 1#1: start worker process 38
2024/08/22 07:26:16 [notice] 1#1: start worker process 39
2024/08/22 07:26:16 [notice] 1#1: start worker process 40
2024/08/22 07:26:16 [notice] 1#1: start worker process 41
2024/08/22 08:01:32 [notice] 1#1: signal 3 (SIGQUIT) received, shutting down
2024/08/22 08:01:32 [notice] 30#30: gracefully shutting down
2024/08/22 08:01:32 [notice] 35#35: gracefully shutting down
2024/08/22 08:01:32 [notice] 31#31: gracefully shutting down
2024/08/22 08:01:32 [notice] 31#31: exiting
2024/08/22 08:01:32 [notice] 32#32: gracefully shutting down
2024/08/22 08:01:32 [notice] 32#32: exiting
2024/08/22 08:01:32 [notice] 33#33: gracefully shutting down
2024/08/22 08:01:32 [notice] 33#33: exiting
2024/08/22 08:01:32 [notice] 30#30: exiting
2024/08/22 08:01:32 [notice] 39#39: gracefully shutting down
2024/08/22 08:01:32 [notice] 36#36: gracefully shutting down
2024/08/22 08:01:32 [notice] 37#37: gracefully shutting down
2024/08/22 08:01:32 [notice] 38#38: gracefully shutting down
2024/08/22 08:01:32 [notice] 41#41: gracefully shutting down
2024/08/22 08:01:32 [notice] 40#40: gracefully shutting down
2024/08/22 08:01:32 [notice] 34#34: gracefully shutting down
2024/08/22 08:01:32 [notice] 35#35: exiting
2024/08/22 08:01:32 [notice] 31#31: exit
2024/08/22 08:01:32 [notice] 32#32: exit
2024/08/22 08:01:32 [notice] 33#33: exit
2024/08/22 08:01:32 [notice] 30#30: exit
2024/08/22 08:01:32 [notice] 39#39: exiting
2024/08/22 08:01:32 [notice] 39#39: exit
2024/08/22 08:01:32 [notice] 36#36: exiting
2024/08/22 08:01:32 [notice] 37#37: exiting
2024/08/22 08:01:32 [notice] 38#38: exiting
2024/08/22 08:01:32 [notice] 41#41: exiting
2024/08/22 08:01:32 [notice] 40#40: exiting
2024/08/22 08:01:32 [notice] 40#40: exit
2024/08/22 08:01:32 [notice] 34#34: exiting
2024/08/22 08:01:32 [notice] 35#35: exit
2024/08/22 08:01:32 [notice] 36#36: exit
2024/08/22 08:01:32 [notice] 37#37: exit
2024/08/22 08:01:32 [notice] 38#38: exit
2024/08/22 08:01:32 [notice] 41#41: exit
2024/08/22 08:01:32 [notice] 34#34: exit
2024/08/22 08:01:32 [notice] 1#1: signal 17 (SIGCHLD) received from 31
2024/08/22 08:01:32 [notice] 1#1: worker process 31 exited with code 0
2024/08/22 08:01:32 [notice] 1#1: worker process 32 exited with code 0
2024/08/22 08:01:32 [notice] 1#1: signal 29 (SIGIO) received
2024/08/22 08:01:32 [notice] 1#1: signal 17 (SIGCHLD) received from 33
2024/08/22 08:01:32 [notice] 1#1: worker process 30 exited with code 0
2024/08/22 08:01:32 [notice] 1#1: worker process 33 exited with code 0
2024/08/22 08:01:32 [notice] 1#1: worker process 36 exited with code 0
2024/08/22 08:01:32 [notice] 1#1: worker process 39 exited with code 0
2024/08/22 08:01:32 [notice] 1#1: worker process 40 exited with code 0
2024/08/22 08:01:32 [notice] 1#1: signal 29 (SIGIO) received
2024/08/22 08:01:32 [notice] 1#1: signal 17 (SIGCHLD) received from 36
2024/08/22 08:01:32 [notice] 1#1: signal 17 (SIGCHLD) received from 41
2024/08/22 08:01:32 [notice] 1#1: worker process 34 exited with code 0
2024/08/22 08:01:32 [notice] 1#1: worker process 35 exited with code 0
2024/08/22 08:01:32 [notice] 1#1: worker process 37 exited with code 0
2024/08/22 08:01:32 [notice] 1#1: worker process 38 exited with code 0
2024/08/22 08:01:32 [notice] 1#1: worker process 41 exited with code 0
2024/08/22 08:01:32 [notice] 1#1: exit
2024/08/22 08:01:38 [notice] 1#1: using the "epoll" event method
2024/08/22 08:01:38 [notice] 1#1: nginx/1.20.2
2024/08/22 08:01:38 [notice] 1#1: built by gcc 10.2.1 20210110 (Debian 10.2.1-6) 
2024/08/22 08:01:38 [notice] 1#1: OS: Linux 6.10.0-linuxkit
2024/08/22 08:01:38 [notice] 1#1: getrlimit(RLIMIT_NOFILE): 1048576:1048576
2024/08/22 08:01:38 [notice] 1#1: start worker processes
2024/08/22 08:01:38 [notice] 1#1: start worker process 30
2024/08/22 08:01:38 [notice] 1#1: start worker process 31
2024/08/22 08:01:38 [notice] 1#1: start worker process 32
2024/08/22 08:01:38 [notice] 1#1: start worker process 33
2024/08/22 08:01:38 [notice] 1#1: start worker process 34
2024/08/22 08:01:38 [notice] 1#1: start worker process 35
2024/08/22 08:01:38 [notice] 1#1: start worker process 36
2024/08/22 08:01:38 [notice] 1#1: start worker process 37
2024/08/22 08:01:38 [notice] 1#1: start worker process 38
2024/08/22 08:01:38 [notice] 1#1: start worker process 39
2024/08/22 08:01:38 [notice] 1#1: start worker process 40
2024/08/22 08:01:38 [notice] 1#1: start worker process 41
2024/08/22 08:10:17 [notice] 1#1: signal 3 (SIGQUIT) received, shutting down
2024/08/22 08:10:17 [notice] 30#30: gracefully shutting down
2024/08/22 08:10:17 [notice] 30#30: exiting
2024/08/22 08:10:17 [notice] 31#31: gracefully shutting down
2024/08/22 08:10:17 [notice] 31#31: exiting
2024/08/22 08:10:17 [notice] 34#34: gracefully shutting down
2024/08/22 08:10:17 [notice] 33#33: gracefully shutting down
2024/08/22 08:10:17 [notice] 41#41: gracefully shutting down
2024/08/22 08:10:17 [notice] 36#36: gracefully shutting down
2024/08/22 08:10:17 [notice] 36#36: exiting
2024/08/22 08:10:17 [notice] 35#35: gracefully shutting down
2024/08/22 08:10:17 [notice] 35#35: exiting
2024/08/22 08:10:17 [notice] 40#40: gracefully shutting down
2024/08/22 08:10:17 [notice] 40#40: exiting
2024/08/22 08:10:17 [notice] 37#37: gracefully shutting down
2024/08/22 08:10:17 [notice] 37#37: exiting
2024/08/22 08:10:17 [notice] 32#32: gracefully shutting down
2024/08/22 08:10:17 [notice] 39#39: gracefully shutting down
2024/08/22 08:10:17 [notice] 39#39: exiting
2024/08/22 08:10:17 [notice] 38#38: gracefully shutting down
2024/08/22 08:10:17 [notice] 30#30: exit
2024/08/22 08:10:17 [notice] 31#31: exit
2024/08/22 08:10:17 [notice] 34#34: exiting
2024/08/22 08:10:17 [notice] 33#33: exiting
2024/08/22 08:10:17 [notice] 41#41: exiting
2024/08/22 08:10:17 [notice] 36#36: exit
2024/08/22 08:10:17 [notice] 35#35: exit
2024/08/22 08:10:17 [notice] 40#40: exit
2024/08/22 08:10:17 [notice] 37#37: exit
2024/08/22 08:10:17 [notice] 32#32: exiting
2024/08/22 08:10:17 [notice] 39#39: exit
2024/08/22 08:10:17 [notice] 38#38: exiting
2024/08/22 08:10:17 [notice] 34#34: exit
2024/08/22 08:10:17 [notice] 33#33: exit
2024/08/22 08:10:17 [notice] 41#41: exit
2024/08/22 08:10:17 [notice] 32#32: exit
2024/08/22 08:10:17 [notice] 38#38: exit
2024/08/22 08:10:17 [notice] 1#1: signal 17 (SIGCHLD) received from 31
2024/08/22 08:10:17 [notice] 1#1: worker process 31 exited with code 0
2024/08/22 08:10:17 [notice] 1#1: signal 29 (SIGIO) received
2024/08/22 08:10:17 [notice] 1#1: signal 17 (SIGCHLD) received from 41
2024/08/22 08:10:17 [notice] 1#1: worker process 30 exited with code 0
2024/08/22 08:10:17 [notice] 1#1: worker process 32 exited with code 0
2024/08/22 08:10:17 [notice] 1#1: worker process 33 exited with code 0
2024/08/22 08:10:17 [notice] 1#1: worker process 34 exited with code 0
2024/08/22 08:10:17 [notice] 1#1: worker process 36 exited with code 0
2024/08/22 08:10:17 [notice] 1#1: worker process 37 exited with code 0
2024/08/22 08:10:17 [notice] 1#1: worker process 39 exited with code 0
2024/08/22 08:10:17 [notice] 1#1: worker process 41 exited with code 0
2024/08/22 08:10:17 [notice] 1#1: signal 29 (SIGIO) received
2024/08/22 08:10:17 [notice] 1#1: signal 17 (SIGCHLD) received from 33
2024/08/22 08:10:17 [notice] 1#1: signal 17 (SIGCHLD) received from 35
2024/08/22 08:10:17 [notice] 1#1: worker process 35 exited with code 0
2024/08/22 08:10:17 [notice] 1#1: worker process 40 exited with code 0
2024/08/22 08:10:17 [notice] 1#1: signal 29 (SIGIO) received
2024/08/22 08:10:17 [notice] 1#1: signal 17 (SIGCHLD) received from 40
2024/08/22 08:10:17 [notice] 1#1: signal 17 (SIGCHLD) received from 38
2024/08/22 08:10:17 [notice] 1#1: worker process 38 exited with code 0
2024/08/22 08:10:17 [notice] 1#1: exit
2024/08/22 08:10:22 [notice] 1#1: using the "epoll" event method
2024/08/22 08:10:22 [notice] 1#1: nginx/1.20.2
2024/08/22 08:10:22 [notice] 1#1: built by gcc 10.2.1 20210110 (Debian 10.2.1-6) 
2024/08/22 08:10:22 [notice] 1#1: OS: Linux 6.10.0-linuxkit
2024/08/22 08:10:22 [notice] 1#1: getrlimit(RLIMIT_NOFILE): 1048576:1048576
2024/08/22 08:10:22 [notice] 1#1: start worker processes
2024/08/22 08:10:22 [notice] 1#1: start worker process 30
2024/08/22 08:10:22 [notice] 1#1: start worker process 31
2024/08/22 08:10:22 [notice] 1#1: start worker process 32
2024/08/22 08:10:22 [notice] 1#1: start worker process 33
2024/08/22 08:10:22 [notice] 1#1: start worker process 34
2024/08/22 08:10:22 [notice] 1#1: start worker process 35
2024/08/22 08:10:22 [notice] 1#1: start worker process 36
2024/08/22 08:10:22 [notice] 1#1: start worker process 37
2024/08/22 08:10:22 [notice] 1#1: start worker process 38
2024/08/22 08:10:22 [notice] 1#1: start worker process 39
2024/08/22 08:10:22 [notice] 1#1: start worker process 40
2024/08/22 08:10:22 [notice] 1#1: start worker process 41
2024/08/22 08:12:36 [notice] 1#1: signal 3 (SIGQUIT) received, shutting down
2024/08/22 08:12:36 [notice] 30#30: gracefully shutting down
2024/08/22 08:12:36 [notice] 30#30: exiting
2024/08/22 08:12:36 [notice] 31#31: gracefully shutting down
2024/08/22 08:12:36 [notice] 35#35: gracefully shutting down
2024/08/22 08:12:36 [notice] 32#32: gracefully shutting down
2024/08/22 08:12:36 [notice] 32#32: exiting
2024/08/22 08:12:36 [notice] 33#33: gracefully shutting down
2024/08/22 08:12:36 [notice] 34#34: gracefully shutting down
2024/08/22 08:12:36 [notice] 39#39: gracefully shutting down
2024/08/22 08:12:36 [notice] 39#39: exiting
2024/08/22 08:12:36 [notice] 38#38: gracefully shutting down
2024/08/22 08:12:36 [notice] 36#36: gracefully shutting down
2024/08/22 08:12:36 [notice] 40#40: gracefully shutting down
2024/08/22 08:12:36 [notice] 40#40: exiting
2024/08/22 08:12:36 [notice] 37#37: gracefully shutting down
2024/08/22 08:12:36 [notice] 41#41: gracefully shutting down
2024/08/22 08:12:36 [notice] 30#30: exit
2024/08/22 08:12:36 [notice] 31#31: exiting
2024/08/22 08:12:36 [notice] 35#35: exiting
2024/08/22 08:12:36 [notice] 32#32: exit
2024/08/22 08:12:36 [notice] 33#33: exiting
2024/08/22 08:12:36 [notice] 33#33: exit
2024/08/22 08:12:36 [notice] 34#34: exiting
2024/08/22 08:12:36 [notice] 39#39: exit
2024/08/22 08:12:36 [notice] 38#38: exiting
2024/08/22 08:12:36 [notice] 36#36: exiting
2024/08/22 08:12:36 [notice] 36#36: exit
2024/08/22 08:12:36 [notice] 40#40: exit
2024/08/22 08:12:36 [notice] 37#37: exiting
2024/08/22 08:12:36 [notice] 41#41: exiting
2024/08/22 08:12:36 [notice] 41#41: exit
2024/08/22 08:12:36 [notice] 31#31: exit
2024/08/22 08:12:36 [notice] 35#35: exit
2024/08/22 08:12:36 [notice] 34#34: exit
2024/08/22 08:12:36 [notice] 38#38: exit
2024/08/22 08:12:36 [notice] 37#37: exit
2024/08/22 08:12:36 [notice] 1#1: signal 17 (SIGCHLD) received from 30
2024/08/22 08:12:36 [notice] 1#1: worker process 30 exited with code 0
2024/08/22 08:12:36 [notice] 1#1: worker process 32 exited with code 0
2024/08/22 08:12:36 [notice] 1#1: signal 29 (SIGIO) received
2024/08/22 08:12:36 [notice] 1#1: signal 17 (SIGCHLD) received from 39
2024/08/22 08:12:36 [notice] 1#1: worker process 31 exited with code 0
2024/08/22 08:12:36 [notice] 1#1: worker process 33 exited with code 0
2024/08/22 08:12:36 [notice] 1#1: worker process 34 exited with code 0
2024/08/22 08:12:36 [notice] 1#1: worker process 35 exited with code 0
2024/08/22 08:12:36 [notice] 1#1: worker process 36 exited with code 0
2024/08/22 08:12:36 [notice] 1#1: worker process 37 exited with code 0
2024/08/22 08:12:36 [notice] 1#1: worker process 38 exited with code 0
2024/08/22 08:12:36 [notice] 1#1: worker process 39 exited with code 0
2024/08/22 08:12:36 [notice] 1#1: worker process 40 exited with code 0
2024/08/22 08:12:36 [notice] 1#1: worker process 41 exited with code 0
2024/08/22 08:12:36 [notice] 1#1: exit
2024/08/22 08:12:40 [notice] 1#1: using the "epoll" event method
2024/08/22 08:12:40 [notice] 1#1: nginx/1.20.2
2024/08/22 08:12:40 [notice] 1#1: built by gcc 10.2.1 20210110 (Debian 10.2.1-6) 
2024/08/22 08:12:40 [notice] 1#1: OS: Linux 6.10.0-linuxkit
2024/08/22 08:12:40 [notice] 1#1: getrlimit(RLIMIT_NOFILE): 1048576:1048576
2024/08/22 08:12:40 [notice] 1#1: start worker processes
2024/08/22 08:12:40 [notice] 1#1: start worker process 30
2024/08/22 08:12:40 [notice] 1#1: start worker process 31
2024/08/22 08:12:40 [notice] 1#1: start worker process 32
2024/08/22 08:12:40 [notice] 1#1: start worker process 33
2024/08/22 08:12:40 [notice] 1#1: start worker process 34
2024/08/22 08:12:40 [notice] 1#1: start worker process 35
2024/08/22 08:12:40 [notice] 1#1: start worker process 36
2024/08/22 08:12:40 [notice] 1#1: start worker process 37
2024/08/22 08:12:40 [notice] 1#1: start worker process 38
2024/08/22 08:12:40 [notice] 1#1: start worker process 39
2024/08/22 08:12:40 [notice] 1#1: start worker process 40
2024/08/22 08:12:40 [notice] 1#1: start worker process 41
2024/08/22 09:18:51 [notice] 1#1: signal 3 (SIGQUIT) received, shutting down
2024/08/22 09:18:51 [notice] 30#30: gracefully shutting down
2024/08/22 09:18:51 [notice] 30#30: exiting
2024/08/22 09:18:51 [notice] 31#31: gracefully shutting down
2024/08/22 09:18:51 [notice] 31#31: exiting
2024/08/22 09:18:51 [notice] 31#31: exit
2024/08/22 09:18:51 [notice] 41#41: gracefully shutting down
2024/08/22 09:18:51 [notice] 41#41: exiting
2024/08/22 09:18:51 [notice] 32#32: gracefully shutting down
2024/08/22 09:18:51 [notice] 35#35: gracefully shutting down
2024/08/22 09:18:51 [notice] 34#34: gracefully shutting down
2024/08/22 09:18:51 [notice] 38#38: gracefully shutting down
2024/08/22 09:18:51 [notice] 36#36: gracefully shutting down
2024/08/22 09:18:51 [notice] 40#40: gracefully shutting down
2024/08/22 09:18:51 [notice] 39#39: gracefully shutting down
2024/08/22 09:18:51 [notice] 37#37: gracefully shutting down
2024/08/22 09:18:51 [notice] 33#33: gracefully shutting down
2024/08/22 09:18:51 [notice] 30#30: exit
2024/08/22 09:18:51 [notice] 33#33: exiting
2024/08/22 09:18:51 [notice] 41#41: exit
2024/08/22 09:18:51 [notice] 32#32: exiting
2024/08/22 09:18:51 [notice] 35#35: exiting
2024/08/22 09:18:51 [notice] 34#34: exiting
2024/08/22 09:18:51 [notice] 38#38: exiting
2024/08/22 09:18:51 [notice] 36#36: exiting
2024/08/22 09:18:51 [notice] 40#40: exiting
2024/08/22 09:18:51 [notice] 39#39: exiting
2024/08/22 09:18:51 [notice] 37#37: exiting
2024/08/22 09:18:51 [notice] 33#33: exit
2024/08/22 09:18:51 [notice] 32#32: exit
2024/08/22 09:18:51 [notice] 35#35: exit
2024/08/22 09:18:51 [notice] 34#34: exit
2024/08/22 09:18:51 [notice] 38#38: exit
2024/08/22 09:18:51 [notice] 36#36: exit
2024/08/22 09:18:51 [notice] 40#40: exit
2024/08/22 09:18:51 [notice] 39#39: exit
2024/08/22 09:18:51 [notice] 37#37: exit
2024/08/22 09:18:51 [notice] 1#1: signal 17 (SIGCHLD) received from 31
2024/08/22 09:18:51 [notice] 1#1: worker process 31 exited with code 0
2024/08/22 09:18:51 [notice] 1#1: signal 29 (SIGIO) received
2024/08/22 09:18:51 [notice] 1#1: signal 17 (SIGCHLD) received from 30
2024/08/22 09:18:51 [notice] 1#1: worker process 30 exited with code 0
2024/08/22 09:18:51 [notice] 1#1: worker process 41 exited with code 0
2024/08/22 09:18:51 [notice] 1#1: signal 29 (SIGIO) received
2024/08/22 09:18:51 [notice] 1#1: signal 17 (SIGCHLD) received from 36
2024/08/22 09:18:51 [notice] 1#1: worker process 32 exited with code 0
2024/08/22 09:18:51 [notice] 1#1: worker process 33 exited with code 0
2024/08/22 09:18:51 [notice] 1#1: worker process 34 exited with code 0
2024/08/22 09:18:51 [notice] 1#1: worker process 35 exited with code 0
2024/08/22 09:18:51 [notice] 1#1: worker process 36 exited with code 0
2024/08/22 09:18:51 [notice] 1#1: worker process 37 exited with code 0
2024/08/22 09:18:51 [notice] 1#1: worker process 38 exited with code 0
2024/08/22 09:18:51 [notice] 1#1: worker process 39 exited with code 0
2024/08/22 09:18:51 [notice] 1#1: worker process 40 exited with code 0
2024/08/22 09:18:51 [notice] 1#1: exit
2024/08/22 09:20:52 [notice] 1#1: using the "epoll" event method
2024/08/22 09:20:52 [notice] 1#1: nginx/1.20.2
2024/08/22 09:20:52 [notice] 1#1: built by gcc 10.2.1 20210110 (Debian 10.2.1-6) 
2024/08/22 09:20:52 [notice] 1#1: OS: Linux 6.10.0-linuxkit
2024/08/22 09:20:52 [notice] 1#1: getrlimit(RLIMIT_NOFILE): 1048576:1048576
2024/08/22 09:20:52 [notice] 1#1: start worker processes
2024/08/22 09:20:52 [notice] 1#1: start worker process 30
2024/08/22 09:20:52 [notice] 1#1: start worker process 31
2024/08/22 09:20:52 [notice] 1#1: start worker process 32
2024/08/22 09:20:52 [notice] 1#1: start worker process 33
2024/08/22 09:20:52 [notice] 1#1: start worker process 34
2024/08/22 09:20:52 [notice] 1#1: start worker process 35
2024/08/22 09:20:52 [notice] 1#1: start worker process 36
2024/08/22 09:20:52 [notice] 1#1: start worker process 37
2024/08/22 09:20:52 [notice] 1#1: start worker process 38
2024/08/22 09:20:52 [notice] 1#1: start worker process 39
2024/08/22 09:20:52 [notice] 1#1: start worker process 40
2024/08/22 09:20:52 [notice] 1#1: start worker process 41
2024/08/22 09:25:37 [notice] 1#1: signal 3 (SIGQUIT) received, shutting down
2024/08/22 09:25:37 [notice] 30#30: gracefully shutting down
2024/08/22 09:25:37 [notice] 30#30: exiting
2024/08/22 09:25:37 [notice] 31#31: gracefully shutting down
2024/08/22 09:25:37 [notice] 31#31: exiting
2024/08/22 09:25:37 [notice] 32#32: gracefully shutting down
2024/08/22 09:25:37 [notice] 32#32: exiting
2024/08/22 09:25:37 [notice] 33#33: gracefully shutting down
2024/08/22 09:25:37 [notice] 34#34: gracefully shutting down
2024/08/22 09:25:37 [notice] 34#34: exiting
2024/08/22 09:25:37 [notice] 36#36: gracefully shutting down
2024/08/22 09:25:37 [notice] 37#37: gracefully shutting down
2024/08/22 09:25:37 [notice] 35#35: gracefully shutting down
2024/08/22 09:25:37 [notice] 38#38: gracefully shutting down
2024/08/22 09:25:37 [notice] 38#38: exiting
2024/08/22 09:25:37 [notice] 39#39: gracefully shutting down
2024/08/22 09:25:37 [notice] 39#39: exiting
2024/08/22 09:25:37 [notice] 41#41: gracefully shutting down
2024/08/22 09:25:37 [notice] 41#41: exiting
2024/08/22 09:25:37 [notice] 40#40: gracefully shutting down
2024/08/22 09:25:37 [notice] 30#30: exit
2024/08/22 09:25:37 [notice] 31#31: exit
2024/08/22 09:25:37 [notice] 32#32: exit
2024/08/22 09:25:37 [notice] 33#33: exiting
2024/08/22 09:25:37 [notice] 34#34: exit
2024/08/22 09:25:37 [notice] 36#36: exiting
2024/08/22 09:25:37 [notice] 36#36: exit
2024/08/22 09:25:37 [notice] 37#37: exiting
2024/08/22 09:25:37 [notice] 37#37: exit
2024/08/22 09:25:37 [notice] 35#35: exiting
2024/08/22 09:25:37 [notice] 38#38: exit
2024/08/22 09:25:37 [notice] 39#39: exit
2024/08/22 09:25:37 [notice] 41#41: exit
2024/08/22 09:25:37 [notice] 40#40: exiting
2024/08/22 09:25:37 [notice] 40#40: exit
2024/08/22 09:25:37 [notice] 33#33: exit
2024/08/22 09:25:37 [notice] 35#35: exit
2024/08/22 09:25:37 [notice] 1#1: signal 17 (SIGCHLD) received from 30
2024/08/22 09:25:37 [notice] 1#1: worker process 30 exited with code 0
2024/08/22 09:25:37 [notice] 1#1: worker process 31 exited with code 0
2024/08/22 09:25:37 [notice] 1#1: worker process 32 exited with code 0
2024/08/22 09:25:37 [notice] 1#1: worker process 33 exited with code 0
2024/08/22 09:25:37 [notice] 1#1: worker process 34 exited with code 0
2024/08/22 09:25:37 [notice] 1#1: worker process 36 exited with code 0
2024/08/22 09:25:37 [notice] 1#1: worker process 37 exited with code 0
2024/08/22 09:25:37 [notice] 1#1: worker process 38 exited with code 0
2024/08/22 09:25:37 [notice] 1#1: worker process 39 exited with code 0
2024/08/22 09:25:37 [notice] 1#1: worker process 40 exited with code 0
2024/08/22 09:25:37 [notice] 1#1: worker process 41 exited with code 0
2024/08/22 09:25:37 [notice] 1#1: signal 29 (SIGIO) received
2024/08/22 09:25:37 [notice] 1#1: signal 17 (SIGCHLD) received from 40
2024/08/22 09:25:37 [notice] 1#1: signal 17 (SIGCHLD) received from 35
2024/08/22 09:25:37 [notice] 1#1: worker process 35 exited with code 0
2024/08/22 09:25:37 [notice] 1#1: exit
2024/08/22 09:26:48 [notice] 1#1: using the "epoll" event method
2024/08/22 09:26:48 [notice] 1#1: nginx/1.20.2
2024/08/22 09:26:48 [notice] 1#1: built by gcc 10.2.1 20210110 (Debian 10.2.1-6) 
2024/08/22 09:26:48 [notice] 1#1: OS: Linux 6.10.0-linuxkit
2024/08/22 09:26:48 [notice] 1#1: getrlimit(RLIMIT_NOFILE): 1048576:1048576
2024/08/22 09:26:48 [notice] 1#1: start worker processes
2024/08/22 09:26:48 [notice] 1#1: start worker process 31
2024/08/22 09:26:48 [notice] 1#1: start worker process 32
2024/08/22 09:26:48 [notice] 1#1: start worker process 33
2024/08/22 09:26:48 [notice] 1#1: start worker process 34
2024/08/22 09:26:48 [notice] 1#1: start worker process 35
2024/08/22 09:26:48 [notice] 1#1: start worker process 36
2024/08/22 09:26:48 [notice] 1#1: start worker process 37
2024/08/22 09:26:48 [notice] 1#1: start worker process 38
2024/08/22 09:26:48 [notice] 1#1: start worker process 39
2024/08/22 09:26:48 [notice] 1#1: start worker process 40
2024/08/22 09:26:48 [notice] 1#1: start worker process 41
2024/08/22 09:26:48 [notice] 1#1: start worker process 42
2024/08/22 09:27:54 [error] 31#31: *2 upstream timed out (110: Connection timed out) while connecting to upstream, client: 192.168.65.1, server: , request: "GET /mysql.php HTTP/1.1", upstream: "fastcgi://125.235.4.59:9000", host: "localhost"
2024/08/22 09:28:06 [notice] 1#1: signal 3 (SIGQUIT) received, shutting down
2024/08/22 09:28:06 [notice] 31#31: gracefully shutting down
2024/08/22 09:28:06 [notice] 32#32: gracefully shutting down
2024/08/22 09:28:06 [notice] 39#39: gracefully shutting down
2024/08/22 09:28:06 [notice] 33#33: gracefully shutting down
2024/08/22 09:28:06 [notice] 34#34: gracefully shutting down
2024/08/22 09:28:06 [notice] 35#35: gracefully shutting down
2024/08/22 09:28:06 [notice] 35#35: exiting
2024/08/22 09:28:06 [notice] 36#36: gracefully shutting down
2024/08/22 09:28:06 [notice] 36#36: exiting
2024/08/22 09:28:06 [notice] 38#38: gracefully shutting down
2024/08/22 09:28:06 [notice] 37#37: gracefully shutting down
2024/08/22 09:28:06 [notice] 32#32: exiting
2024/08/22 09:28:06 [notice] 32#32: exit
2024/08/22 09:28:06 [notice] 40#40: gracefully shutting down
2024/08/22 09:28:06 [notice] 41#41: gracefully shutting down
2024/08/22 09:28:06 [notice] 41#41: exiting
2024/08/22 09:28:06 [notice] 42#42: gracefully shutting down
2024/08/22 09:28:06 [notice] 39#39: exiting
2024/08/22 09:28:06 [notice] 33#33: exiting
2024/08/22 09:28:06 [notice] 34#34: exiting
2024/08/22 09:28:06 [notice] 35#35: exit
2024/08/22 09:28:06 [notice] 36#36: exit
2024/08/22 09:28:06 [notice] 38#38: exiting
2024/08/22 09:28:06 [notice] 37#37: exiting
2024/08/22 09:28:06 [notice] 37#37: exit
2024/08/22 09:28:06 [notice] 40#40: exiting
2024/08/22 09:28:06 [notice] 41#41: exit
2024/08/22 09:28:06 [notice] 42#42: exiting
2024/08/22 09:28:06 [notice] 39#39: exit
2024/08/22 09:28:06 [notice] 33#33: exit
2024/08/22 09:28:06 [notice] 34#34: exit
2024/08/22 09:28:06 [notice] 38#38: exit
2024/08/22 09:28:06 [notice] 40#40: exit
2024/08/22 09:28:06 [notice] 42#42: exit
2024/08/22 09:28:06 [notice] 1#1: signal 17 (SIGCHLD) received from 35
2024/08/22 09:28:06 [notice] 1#1: worker process 32 exited with code 0
2024/08/22 09:28:06 [notice] 1#1: worker process 33 exited with code 0
2024/08/22 09:28:06 [notice] 1#1: worker process 35 exited with code 0
2024/08/22 09:28:06 [notice] 1#1: worker process 36 exited with code 0
2024/08/22 09:28:06 [notice] 1#1: worker process 37 exited with code 0
2024/08/22 09:28:06 [notice] 1#1: worker process 39 exited with code 0
2024/08/22 09:28:06 [notice] 1#1: worker process 40 exited with code 0
2024/08/22 09:28:06 [notice] 1#1: worker process 41 exited with code 0
2024/08/22 09:28:06 [notice] 1#1: signal 29 (SIGIO) received
2024/08/22 09:28:06 [notice] 1#1: signal 17 (SIGCHLD) received from 36
2024/08/22 09:28:06 [notice] 1#1: signal 17 (SIGCHLD) received from 34
2024/08/22 09:28:06 [notice] 1#1: worker process 34 exited with code 0
2024/08/22 09:28:06 [notice] 1#1: signal 29 (SIGIO) received
2024/08/22 09:28:06 [notice] 1#1: signal 17 (SIGCHLD) received from 38
2024/08/22 09:28:06 [notice] 1#1: worker process 38 exited with code 0
2024/08/22 09:28:06 [notice] 1#1: worker process 42 exited with code 0
2024/08/22 09:28:06 [notice] 1#1: signal 29 (SIGIO) received
2024/08/22 09:28:06 [notice] 1#1: signal 17 (SIGCHLD) received from 42
2024/08/22 09:28:10 [error] 31#31: *1 upstream timed out (110: Connection timed out) while connecting to upstream, client: 192.168.65.1, server: , request: "GET / HTTP/1.1", upstream: "fastcgi://125.235.4.59:9000", host: "localhost"
2024/08/22 09:28:10 [notice] 31#31: exiting
2024/08/22 09:28:10 [notice] 31#31: exit
2024/08/22 09:28:10 [notice] 1#1: signal 17 (SIGCHLD) received from 31
2024/08/22 09:28:10 [notice] 1#1: worker process 31 exited with code 0
2024/08/22 09:28:10 [notice] 1#1: exit
2024/08/22 09:29:02 [notice] 1#1: using the "epoll" event method
2024/08/22 09:29:02 [notice] 1#1: nginx/1.20.2
2024/08/22 09:29:02 [notice] 1#1: built by gcc 10.2.1 20210110 (Debian 10.2.1-6) 
2024/08/22 09:29:02 [notice] 1#1: OS: Linux 6.10.0-linuxkit
2024/08/22 09:29:02 [notice] 1#1: getrlimit(RLIMIT_NOFILE): 1048576:1048576
2024/08/22 09:29:02 [notice] 1#1: start worker processes
2024/08/22 09:29:02 [notice] 1#1: start worker process 30
2024/08/22 09:29:02 [notice] 1#1: start worker process 31
2024/08/22 09:29:02 [notice] 1#1: start worker process 32
2024/08/22 09:29:02 [notice] 1#1: start worker process 33
2024/08/22 09:29:02 [notice] 1#1: start worker process 34
2024/08/22 09:29:02 [notice] 1#1: start worker process 35
2024/08/22 09:29:02 [notice] 1#1: start worker process 36
2024/08/22 09:29:02 [notice] 1#1: start worker process 37
2024/08/22 09:29:02 [notice] 1#1: start worker process 38
2024/08/22 09:29:02 [notice] 1#1: start worker process 39
2024/08/22 09:29:02 [notice] 1#1: start worker process 40
2024/08/22 09:29:02 [notice] 1#1: start worker process 41
2024/08/22 09:30:17 [notice] 1#1: signal 3 (SIGQUIT) received, shutting down
2024/08/22 09:30:17 [notice] 31#31: gracefully shutting down
2024/08/22 09:30:17 [notice] 31#31: exiting
2024/08/22 09:30:17 [notice] 34#34: gracefully shutting down
2024/08/22 09:30:17 [notice] 36#36: gracefully shutting down
2024/08/22 09:30:17 [notice] 38#38: gracefully shutting down
2024/08/22 09:30:17 [notice] 36#36: exiting
2024/08/22 09:30:17 [notice] 40#40: gracefully shutting down
2024/08/22 09:30:17 [notice] 40#40: exiting
2024/08/22 09:30:17 [notice] 32#32: gracefully shutting down
2024/08/22 09:30:17 [notice] 30#30: gracefully shutting down
2024/08/22 09:30:17 [notice] 41#41: gracefully shutting down
2024/08/22 09:30:17 [notice] 39#39: gracefully shutting down
2024/08/22 09:30:17 [notice] 31#31: exit
2024/08/22 09:30:17 [notice] 33#33: gracefully shutting down
2024/08/22 09:30:17 [notice] 33#33: exiting
2024/08/22 09:30:17 [notice] 37#37: gracefully shutting down
2024/08/22 09:30:17 [notice] 34#34: exiting
2024/08/22 09:30:17 [notice] 35#35: gracefully shutting down
2024/08/22 09:30:17 [notice] 38#38: exiting
2024/08/22 09:30:17 [notice] 36#36: exit
2024/08/22 09:30:17 [notice] 40#40: exit
2024/08/22 09:30:17 [notice] 32#32: exiting
2024/08/22 09:30:17 [notice] 32#32: exit
2024/08/22 09:30:17 [notice] 30#30: exiting
2024/08/22 09:30:17 [notice] 41#41: exiting
2024/08/22 09:30:17 [notice] 39#39: exiting
2024/08/22 09:30:17 [notice] 39#39: exit
2024/08/22 09:30:17 [notice] 33#33: exit
2024/08/22 09:30:17 [notice] 37#37: exiting
2024/08/22 09:30:17 [notice] 34#34: exit
2024/08/22 09:30:17 [notice] 35#35: exiting
2024/08/22 09:30:17 [notice] 38#38: exit
2024/08/22 09:30:17 [notice] 30#30: exit
2024/08/22 09:30:17 [notice] 41#41: exit
2024/08/22 09:30:17 [notice] 37#37: exit
2024/08/22 09:30:17 [notice] 35#35: exit
2024/08/22 09:30:17 [notice] 1#1: signal 17 (SIGCHLD) received from 40
2024/08/22 09:30:17 [notice] 1#1: worker process 31 exited with code 0
2024/08/22 09:30:17 [notice] 1#1: worker process 36 exited with code 0
2024/08/22 09:30:17 [notice] 1#1: worker process 40 exited with code 0
2024/08/22 09:30:17 [notice] 1#1: signal 29 (SIGIO) received
2024/08/22 09:30:17 [notice] 1#1: signal 17 (SIGCHLD) received from 41
2024/08/22 09:30:17 [notice] 1#1: worker process 30 exited with code 0
2024/08/22 09:30:17 [notice] 1#1: worker process 32 exited with code 0
2024/08/22 09:30:17 [notice] 1#1: worker process 33 exited with code 0
2024/08/22 09:30:17 [notice] 1#1: worker process 34 exited with code 0
2024/08/22 09:30:17 [notice] 1#1: worker process 35 exited with code 0
2024/08/22 09:30:17 [notice] 1#1: worker process 37 exited with code 0
2024/08/22 09:30:17 [notice] 1#1: worker process 38 exited with code 0
2024/08/22 09:30:17 [notice] 1#1: worker process 39 exited with code 0
2024/08/22 09:30:17 [notice] 1#1: worker process 41 exited with code 0
2024/08/22 09:30:17 [notice] 1#1: exit
2024/08/22 09:48:17 [notice] 1#1: using the "epoll" event method
2024/08/22 09:48:17 [notice] 1#1: nginx/1.20.2
2024/08/22 09:48:17 [notice] 1#1: built by gcc 10.2.1 20210110 (Debian 10.2.1-6) 
2024/08/22 09:48:17 [notice] 1#1: OS: Linux 6.10.0-linuxkit
2024/08/22 09:48:17 [notice] 1#1: getrlimit(RLIMIT_NOFILE): 1048576:1048576
2024/08/22 09:48:17 [notice] 1#1: start worker processes
2024/08/22 09:48:17 [notice] 1#1: start worker process 30
2024/08/22 09:48:17 [notice] 1#1: start worker process 31
2024/08/22 09:48:17 [notice] 1#1: start worker process 32
2024/08/22 09:48:17 [notice] 1#1: start worker process 33
2024/08/22 09:48:17 [notice] 1#1: start worker process 34
2024/08/22 09:48:17 [notice] 1#1: start worker process 35
2024/08/22 09:48:17 [notice] 1#1: start worker process 36
2024/08/22 09:48:17 [notice] 1#1: start worker process 37
2024/08/22 09:48:17 [notice] 1#1: start worker process 38
2024/08/22 09:48:17 [notice] 1#1: start worker process 39
2024/08/22 09:48:17 [notice] 1#1: start worker process 40
2024/08/22 09:48:17 [notice] 1#1: start worker process 41
2024/08/22 12:26:32 [notice] 1#1: using the "epoll" event method
2024/08/22 12:26:32 [notice] 1#1: nginx/1.20.2
2024/08/22 12:26:32 [notice] 1#1: built by gcc 10.2.1 20210110 (Debian 10.2.1-6) 
2024/08/22 12:26:32 [notice] 1#1: OS: Linux 6.10.0-linuxkit
2024/08/22 12:26:32 [notice] 1#1: getrlimit(RLIMIT_NOFILE): 1048576:1048576
2024/08/22 12:26:32 [notice] 1#1: start worker processes
2024/08/22 12:26:32 [notice] 1#1: start worker process 30
2024/08/22 12:26:32 [notice] 1#1: start worker process 31
2024/08/22 12:26:32 [notice] 1#1: start worker process 32
2024/08/22 12:26:32 [notice] 1#1: start worker process 33
2024/08/22 12:26:32 [notice] 1#1: start worker process 34
2024/08/22 12:26:32 [notice] 1#1: start worker process 35
2024/08/22 12:26:32 [notice] 1#1: start worker process 36
2024/08/22 12:26:32 [notice] 1#1: start worker process 37
2024/08/22 12:26:32 [notice] 1#1: start worker process 38
2024/08/22 12:26:32 [notice] 1#1: start worker process 39
2024/08/22 12:26:32 [notice] 1#1: start worker process 40
2024/08/22 12:26:32 [notice] 1#1: start worker process 41
2024/08/22 12:37:36 [notice] 1#1: signal 3 (SIGQUIT) received, shutting down
2024/08/22 12:37:36 [notice] 35#35: gracefully shutting down
2024/08/22 12:37:36 [notice] 35#35: exiting
2024/08/22 12:37:36 [notice] 33#33: gracefully shutting down
2024/08/22 12:37:36 [notice] 30#30: gracefully shutting down
2024/08/22 12:37:36 [notice] 36#36: gracefully shutting down
2024/08/22 12:37:36 [notice] 36#36: exiting
2024/08/22 12:37:36 [notice] 38#38: gracefully shutting down
2024/08/22 12:37:36 [notice] 41#41: gracefully shutting down
2024/08/22 12:37:36 [notice] 41#41: exiting
2024/08/22 12:37:36 [notice] 39#39: gracefully shutting down
2024/08/22 12:37:36 [notice] 39#39: exiting
2024/08/22 12:37:36 [notice] 32#32: gracefully shutting down
2024/08/22 12:37:36 [notice] 32#32: exiting
2024/08/22 12:37:36 [notice] 37#37: gracefully shutting down
2024/08/22 12:37:36 [notice] 31#31: gracefully shutting down
2024/08/22 12:37:36 [notice] 31#31: exiting
2024/08/22 12:37:36 [notice] 40#40: gracefully shutting down
2024/08/22 12:37:36 [notice] 40#40: exiting
2024/08/22 12:37:36 [notice] 34#34: gracefully shutting down
2024/08/22 12:37:36 [notice] 34#34: exiting
2024/08/22 12:37:36 [notice] 35#35: exit
2024/08/22 12:37:36 [notice] 33#33: exiting
2024/08/22 12:37:36 [notice] 30#30: exiting
2024/08/22 12:37:36 [notice] 36#36: exit
2024/08/22 12:37:36 [notice] 38#38: exiting
2024/08/22 12:37:36 [notice] 41#41: exit
2024/08/22 12:37:36 [notice] 39#39: exit
2024/08/22 12:37:36 [notice] 32#32: exit
2024/08/22 12:37:36 [notice] 37#37: exiting
2024/08/22 12:37:36 [notice] 31#31: exit
2024/08/22 12:37:36 [notice] 40#40: exit
2024/08/22 12:37:36 [notice] 34#34: exit
2024/08/22 12:37:36 [notice] 33#33: exit
2024/08/22 12:37:36 [notice] 30#30: exit
2024/08/22 12:37:36 [notice] 38#38: exit
2024/08/22 12:37:36 [notice] 37#37: exit
2024/08/22 12:37:36 [notice] 1#1: signal 17 (SIGCHLD) received from 39
2024/08/22 12:37:36 [notice] 1#1: worker process 35 exited with code 0
2024/08/22 12:37:36 [notice] 1#1: worker process 36 exited with code 0
2024/08/22 12:37:36 [notice] 1#1: worker process 39 exited with code 0
2024/08/22 12:37:36 [notice] 1#1: signal 29 (SIGIO) received
2024/08/22 12:37:36 [notice] 1#1: signal 17 (SIGCHLD) received from 32
2024/08/22 12:37:36 [notice] 1#1: worker process 32 exited with code 0
2024/08/22 12:37:36 [notice] 1#1: signal 29 (SIGIO) received
2024/08/22 12:37:36 [notice] 1#1: signal 17 (SIGCHLD) received from 37
2024/08/22 12:37:36 [notice] 1#1: worker process 30 exited with code 0
2024/08/22 12:37:36 [notice] 1#1: worker process 31 exited with code 0
2024/08/22 12:37:36 [notice] 1#1: worker process 34 exited with code 0
2024/08/22 12:37:36 [notice] 1#1: worker process 37 exited with code 0
2024/08/22 12:37:36 [notice] 1#1: worker process 38 exited with code 0
2024/08/22 12:37:36 [notice] 1#1: worker process 40 exited with code 0
2024/08/22 12:37:36 [notice] 1#1: worker process 41 exited with code 0
2024/08/22 12:37:36 [notice] 1#1: signal 29 (SIGIO) received
2024/08/22 12:37:36 [notice] 1#1: signal 17 (SIGCHLD) received from 31
2024/08/22 12:37:36 [notice] 1#1: signal 17 (SIGCHLD) received from 33
2024/08/22 12:37:36 [notice] 1#1: worker process 33 exited with code 0
2024/08/22 12:37:36 [notice] 1#1: exit
2024/08/22 13:44:01 [notice] 1#1: using the "epoll" event method
2024/08/22 13:44:01 [notice] 1#1: nginx/1.20.2
2024/08/22 13:44:01 [notice] 1#1: built by gcc 10.2.1 20210110 (Debian 10.2.1-6) 
2024/08/22 13:44:01 [notice] 1#1: OS: Linux 6.10.0-linuxkit
2024/08/22 13:44:01 [notice] 1#1: getrlimit(RLIMIT_NOFILE): 1048576:1048576
2024/08/22 13:44:01 [notice] 1#1: start worker processes
2024/08/22 13:44:01 [notice] 1#1: start worker process 29
2024/08/22 13:44:01 [notice] 1#1: start worker process 30
2024/08/22 13:44:01 [notice] 1#1: start worker process 31
2024/08/22 13:44:01 [notice] 1#1: start worker process 32
2024/08/22 13:44:01 [notice] 1#1: start worker process 33
2024/08/22 13:44:01 [notice] 1#1: start worker process 34
2024/08/22 13:44:01 [notice] 1#1: start worker process 35
2024/08/22 13:44:01 [notice] 1#1: start worker process 36
2024/08/22 13:44:01 [notice] 1#1: start worker process 37
2024/08/22 13:44:01 [notice] 1#1: start worker process 38
2024/08/22 13:44:01 [notice] 1#1: start worker process 39
2024/08/22 13:44:01 [notice] 1#1: start worker process 40
2024/08/22 14:03:58 [notice] 1#1: signal 3 (SIGQUIT) received, shutting down
2024/08/22 14:03:58 [notice] 29#29: gracefully shutting down
2024/08/22 14:03:58 [notice] 29#29: exiting
2024/08/22 14:03:58 [notice] 30#30: gracefully shutting down
2024/08/22 14:03:58 [notice] 38#38: gracefully shutting down
2024/08/22 14:03:58 [notice] 39#39: gracefully shutting down
2024/08/22 14:03:58 [notice] 39#39: exiting
2024/08/22 14:03:58 [notice] 33#33: gracefully shutting down
2024/08/22 14:03:58 [notice] 33#33: exiting
2024/08/22 14:03:58 [notice] 31#31: gracefully shutting down
2024/08/22 14:03:58 [notice] 31#31: exiting
2024/08/22 14:03:58 [notice] 32#32: gracefully shutting down
2024/08/22 14:03:58 [notice] 32#32: exiting
2024/08/22 14:03:58 [notice] 36#36: gracefully shutting down
2024/08/22 14:03:58 [notice] 36#36: exiting
2024/08/22 14:03:58 [notice] 35#35: gracefully shutting down
2024/08/22 14:03:58 [notice] 35#35: exiting
2024/08/22 14:03:58 [notice] 37#37: gracefully shutting down
2024/08/22 14:03:58 [notice] 37#37: exiting
2024/08/22 14:03:58 [notice] 34#34: gracefully shutting down
2024/08/22 14:03:58 [notice] 34#34: exiting
2024/08/22 14:03:58 [notice] 34#34: exit
2024/08/22 14:03:58 [notice] 40#40: gracefully shutting down
2024/08/22 14:03:58 [notice] 40#40: exiting
2024/08/22 14:03:58 [notice] 29#29: exit
2024/08/22 14:03:58 [notice] 30#30: exiting
2024/08/22 14:03:58 [notice] 38#38: exiting
2024/08/22 14:03:58 [notice] 39#39: exit
2024/08/22 14:03:58 [notice] 33#33: exit
2024/08/22 14:03:58 [notice] 31#31: exit
2024/08/22 14:03:58 [notice] 32#32: exit
2024/08/22 14:03:58 [notice] 36#36: exit
2024/08/22 14:03:58 [notice] 35#35: exit
2024/08/22 14:03:58 [notice] 37#37: exit
2024/08/22 14:03:58 [notice] 40#40: exit
2024/08/22 14:03:58 [notice] 30#30: exit
2024/08/22 14:03:58 [notice] 38#38: exit
2024/08/22 14:03:58 [notice] 1#1: signal 17 (SIGCHLD) received from 34
2024/08/22 14:03:58 [notice] 1#1: worker process 34 exited with code 0
2024/08/22 14:03:58 [notice] 1#1: signal 29 (SIGIO) received
2024/08/22 14:03:58 [notice] 1#1: signal 17 (SIGCHLD) received from 29
2024/08/22 14:03:58 [notice] 1#1: worker process 29 exited with code 0
2024/08/22 14:03:58 [notice] 1#1: signal 29 (SIGIO) received
2024/08/22 14:03:58 [notice] 1#1: signal 17 (SIGCHLD) received from 39
2024/08/22 14:03:58 [notice] 1#1: worker process 31 exited with code 0
2024/08/22 14:03:58 [notice] 1#1: worker process 35 exited with code 0
2024/08/22 14:03:58 [notice] 1#1: worker process 39 exited with code 0
2024/08/22 14:03:58 [notice] 1#1: signal 29 (SIGIO) received
2024/08/22 14:03:58 [notice] 1#1: signal 17 (SIGCHLD) received from 31
2024/08/22 14:03:58 [notice] 1#1: signal 17 (SIGCHLD) received from 33
2024/08/22 14:03:58 [notice] 1#1: worker process 30 exited with code 0
2024/08/22 14:03:58 [notice] 1#1: worker process 32 exited with code 0
2024/08/22 14:03:58 [notice] 1#1: worker process 33 exited with code 0
2024/08/22 14:03:58 [notice] 1#1: worker process 36 exited with code 0
2024/08/22 14:03:58 [notice] 1#1: worker process 37 exited with code 0
2024/08/22 14:03:58 [notice] 1#1: worker process 38 exited with code 0
2024/08/22 14:03:58 [notice] 1#1: worker process 40 exited with code 0
2024/08/22 14:03:58 [notice] 1#1: exit
